   Cycle | a[0] a[1] a[2] a[3] b[0] b[1] b[2] b[3] | s_reference[0] s_reference[1] s_reference[2] s_reference[3] s_rom[0] s_rom[1] s_rom[2] s_rom[3] s_bdd[0] s_bdd[1] s_bdd[2] s_bdd[3] s_bdd_star[0] s_bdd_star[1] s_bdd_star[2] s_bdd_star[3]
       0 | 0 0 0 0 0 0 0 0 | 0 0 0 0 0 0 0 0 0 0 0 0 0 0 0 0
       1 | 1 0 0 0 0 0 0 0 | 0 0 0 0 0 0 0 0 0 0 0 0 0 0 0 0
       2 | 0 1 0 0 0 0 0 0 | 0 0 0 0 0 0 0 0 0 0 0 0 0 0 0 0
       3 | 1 1 0 0 0 0 0 0 | 0 0 0 0 0 0 0 0 0 0 0 0 0 0 0 0
       4 | 0 0 1 0 0 0 0 0 | 0 0 0 0 0 0 0 0 0 0 0 0 0 0 0 0
       5 | 1 0 1 0 0 0 0 0 | 0 0 0 0 0 0 0 0 0 0 0 0 0 0 0 0
       6 | 0 1 1 0 0 0 0 0 | 0 0 0 0 0 0 0 0 0 0 0 0 0 0 0 0
       7 | 1 1 1 0 0 0 0 0 | 0 0 0 0 0 0 0 0 0 0 0 0 0 0 0 0
       8 | 0 0 0 1 0 0 0 0 | 0 0 0 0 0 0 0 0 0 0 0 0 1 0 0 0
       9 | 1 0 0 1 0 0 0 0 | 0 0 0 0 0 0 0 0 0 0 0 0 1 0 0 0
      10 | 0 1 0 1 0 0 0 0 | 0 0 0 0 0 0 0 0 0 0 0 0 1 0 0 0
      11 | 1 1 0 1 0 0 0 0 | 0 0 0 0 0 0 0 0 0 0 0 0 1 0 0 0
      12 | 0 0 1 1 0 0 0 0 | 0 0 0 0 0 0 0 0 0 0 0 0 1 0 0 0
      13 | 1 0 1 1 0 0 0 0 | 0 0 0 0 0 0 0 0 0 0 0 0 1 0 0 0
      14 | 0 1 1 1 0 0 0 0 | 0 0 0 0 0 0 0 0 0 0 0 0 1 0 0 0
      15 | 1 1 1 1 0 0 0 0 | 0 0 0 0 0 0 0 0 0 0 0 0 1 0 0 0
      16 | 0 0 0 0 1 0 0 0 | 0 0 0 0 0 0 0 0 0 0 0 0 0 0 0 0
      17 | 1 0 0 0 1 0 0 0 | 1 0 0 0 1 0 0 0 1 0 0 0 1 0 0 0
      18 | 0 1 0 0 1 0 0 0 | 0 1 0 0 0 1 0 0 0 1 0 0 0 1 0 0
      19 | 1 1 0 0 1 0 0 0 | 1 1 0 0 1 1 0 0 1 1 0 0 1 1 0 0
      20 | 0 0 1 0 1 0 0 0 | 0 0 1 0 0 0 1 0 0 0 1 0 0 0 1 0
      21 | 1 0 1 0 1 0 0 0 | 1 0 1 0 1 0 1 0 1 0 1 0 1 0 1 0
      22 | 0 1 1 0 1 0 0 0 | 0 1 1 0 0 1 1 0 0 1 1 0 0 1 1 0
      23 | 1 1 1 0 1 0 0 0 | 1 1 1 0 1 1 1 0 1 1 1 0 1 1 1 0
      24 | 0 0 0 1 1 0 0 0 | 0 0 0 1 0 0 0 1 0 0 0 1 0 0 0 1
      25 | 1 0 0 1 1 0 0 0 | 1 0 0 1 1 0 0 1 1 0 0 1 1 0 0 1
      26 | 0 1 0 1 1 0 0 0 | 0 1 0 1 0 1 0 1 0 1 0 1 0 1 0 1
      27 | 1 1 0 1 1 0 0 0 | 1 1 0 1 1 1 0 1 1 1 0 1 1 1 0 1
      28 | 0 0 1 1 1 0 0 0 | 0 0 1 1 0 0 1 1 0 0 1 1 0 0 1 1
      29 | 1 0 1 1 1 0 0 0 | 1 0 1 1 1 0 1 1 1 0 1 1 1 0 1 1
      30 | 0 1 1 1 1 0 0 0 | 0 1 1 1 0 1 1 1 0 1 1 1 0 1 1 1
      31 | 1 1 1 1 1 0 0 0 | 1 1 1 1 1 1 1 1 1 1 1 1 1 1 1 1
      32 | 0 0 0 0 0 1 0 0 | 0 0 0 0 0 0 0 0 0 0 0 0 0 0 0 0
      33 | 1 0 0 0 0 1 0 0 | 0 0 0 0 0 0 0 0 0 0 0 0 0 0 0 0
      34 | 0 1 0 0 0 1 0 0 | 1 0 0 0 1 0 0 0 1 0 0 0 1 0 0 0
      35 | 1 1 0 0 0 1 0 0 | 1 0 0 0 1 0 0 0 1 0 0 0 1 0 0 0
      36 | 0 0 1 0 0 1 0 0 | 0 1 0 0 0 1 0 0 0 1 0 0 0 1 0 0
      37 | 1 0 1 0 0 1 0 0 | 0 1 0 0 0 1 0 0 0 1 0 0 0 1 0 0
      38 | 0 1 1 0 0 1 0 0 | 1 1 0 0 1 1 0 0 1 1 0 0 1 1 0 0
      39 | 1 1 1 0 0 1 0 0 | 1 1 0 0 1 1 0 0 1 1 0 0 1 1 0 0
      40 | 0 0 0 1 0 1 0 0 | 0 0 1 0 0 0 1 0 0 0 1 0 0 0 1 0
      41 | 1 0 0 1 0 1 0 0 | 0 0 1 0 0 0 1 0 0 0 1 0 0 0 1 0
      42 | 0 1 0 1 0 1 0 0 | 1 0 1 0 1 0 1 0 1 0 1 0 1 0 1 0
      43 | 1 1 0 1 0 1 0 0 | 1 0 1 0 1 0 1 0 1 0 1 0 1 0 1 0
      44 | 0 0 1 1 0 1 0 0 | 0 1 1 0 0 1 1 0 0 1 1 0 0 1 1 0
      45 | 1 0 1 1 0 1 0 0 | 0 1 1 0 0 1 1 0 0 1 1 0 0 1 1 0
      46 | 0 1 1 1 0 1 0 0 | 1 1 1 0 1 1 1 0 1 1 1 0 1 1 1 0
      47 | 1 1 1 1 0 1 0 0 | 1 1 1 0 1 1 1 0 1 1 1 0 1 1 1 0
      48 | 0 0 0 0 1 1 0 0 | 0 0 0 0 0 0 0 0 0 0 0 0 0 0 0 0
      49 | 1 0 0 0 1 1 0 0 | 0 0 0 0 0 0 0 0 0 0 0 0 0 0 0 0
      50 | 0 1 0 0 1 1 0 0 | 0 0 0 0 0 0 0 0 0 0 0 0 0 0 0 0
      51 | 1 1 0 0 1 1 0 0 | 1 0 0 0 1 0 0 0 1 0 0 0 1 0 0 0
      52 | 0 0 1 0 1 1 0 0 | 1 0 0 0 1 0 0 0 1 0 0 0 1 0 0 0
      53 | 1 0 1 0 1 1 0 0 | 1 0 0 0 1 0 0 0 1 0 0 0 1 0 0 0
      54 | 0 1 1 0 1 1 0 0 | 0 1 0 0 0 1 0 0 0 1 0 0 0 1 0 0
      55 | 1 1 1 0 1 1 0 0 | 0 1 0 0 0 1 0 0 0 1 0 0 0 1 0 0
      56 | 0 0 0 1 1 1 0 0 | 0 1 0 0 0 1 0 0 0 1 0 0 0 1 0 0
      57 | 1 0 0 1 1 1 0 0 | 1 1 0 0 1 1 0 0 1 1 0 0 1 1 0 0
      58 | 0 1 0 1 1 1 0 0 | 1 1 0 0 1 1 0 0 1 1 0 0 1 1 0 0
      59 | 1 1 0 1 1 1 0 0 | 1 1 0 0 1 1 0 0 1 1 0 0 1 1 0 0
      60 | 0 0 1 1 1 1 0 0 | 0 0 1 0 0 0 1 0 0 0 1 0 0 0 1 0
      61 | 1 0 1 1 1 1 0 0 | 0 0 1 0 0 0 1 0 0 0 1 0 0 0 1 0
      62 | 0 1 1 1 1 1 0 0 | 0 0 1 0 0 0 1 0 0 0 1 0 0 0 1 0
      63 | 1 1 1 1 1 1 0 0 | 1 0 1 0 1 0 1 0 1 0 1 0 1 0 1 0
      64 | 0 0 0 0 0 0 1 0 | 0 0 0 0 0 0 0 0 0 0 0 0 0 0 0 0
      65 | 1 0 0 0 0 0 1 0 | 0 0 0 0 0 0 0 0 0 0 0 0 0 0 0 0
      66 | 0 1 0 0 0 0 1 0 | 0 0 0 0 0 0 0 0 0 0 0 0 0 0 0 0
      67 | 1 1 0 0 0 0 1 0 | 0 0 0 0 0 0 0 0 0 0 0 0 0 0 0 0
      68 | 0 0 1 0 0 0 1 0 | 1 0 0 0 1 0 0 0 1 0 0 0 1 0 0 0
      69 | 1 0 1 0 0 0 1 0 | 1 0 0 0 1 0 0 0 1 0 0 0 1 0 0 0
      70 | 0 1 1 0 0 0 1 0 | 1 0 0 0 1 0 0 0 1 0 0 0 1 0 0 0
      71 | 1 1 1 0 0 0 1 0 | 1 0 0 0 1 0 0 0 1 0 0 0 1 0 0 0
      72 | 0 0 0 1 0 0 1 0 | 0 1 0 0 0 1 0 0 0 1 0 0 0 1 0 0
      73 | 1 0 0 1 0 0 1 0 | 0 1 0 0 0 1 0 0 0 1 0 0 0 1 0 0
      74 | 0 1 0 1 0 0 1 0 | 0 1 0 0 0 1 0 0 0 1 0 0 0 1 0 0
      75 | 1 1 0 1 0 0 1 0 | 0 1 0 0 0 1 0 0 0 1 0 0 0 1 0 0
      76 | 0 0 1 1 0 0 1 0 | 1 1 0 0 1 1 0 0 1 1 0 0 1 1 0 0
      77 | 1 0 1 1 0 0 1 0 | 1 1 0 0 1 1 0 0 1 1 0 0 1 1 0 0
      78 | 0 1 1 1 0 0 1 0 | 1 1 0 0 1 1 0 0 1 1 0 0 1 1 0 0
      79 | 1 1 1 1 0 0 1 0 | 1 1 0 0 1 1 0 0 1 1 0 0 1 1 0 0
      80 | 0 0 0 0 1 0 1 0 | 0 0 0 0 0 0 0 0 0 0 0 0 0 0 0 0
      81 | 1 0 0 0 1 0 1 0 | 0 0 0 0 0 0 0 0 0 0 0 0 0 0 0 0
      82 | 0 1 0 0 1 0 1 0 | 0 0 0 0 0 0 0 0 0 0 0 0 0 0 0 0
      83 | 1 1 0 0 1 0 1 0 | 0 0 0 0 0 0 0 0 0 0 0 0 0 0 0 0
      84 | 0 0 1 0 1 0 1 0 | 0 0 0 0 0 0 0 0 0 0 0 0 0 0 0 0
      85 | 1 0 1 0 1 0 1 0 | 1 0 0 0 1 0 0 0 1 0 0 0 1 0 0 0
      86 | 0 1 1 0 1 0 1 0 | 1 0 0 0 1 0 0 0 1 0 0 0 1 0 0 0
      87 | 1 1 1 0 1 0 1 0 | 1 0 0 0 1 0 0 0 1 0 0 0 1 0 0 0
      88 | 0 0 0 1 1 0 1 0 | 1 0 0 0 1 0 0 0 1 0 0 0 1 0 0 0
      89 | 1 0 0 1 1 0 1 0 | 1 0 0 0 1 0 0 0 1 0 0 0 1 0 0 0
      90 | 0 1 0 1 1 0 1 0 | 0 1 0 0 0 1 0 0 0 1 0 0 0 1 0 0
      91 | 1 1 0 1 1 0 1 0 | 0 1 0 0 0 1 0 0 0 1 0 0 0 1 0 0
      92 | 0 0 1 1 1 0 1 0 | 0 1 0 0 0 1 0 0 0 1 0 0 0 1 0 0
      93 | 1 0 1 1 1 0 1 0 | 0 1 0 0 0 1 0 0 0 1 0 0 0 1 0 0
      94 | 0 1 1 1 1 0 1 0 | 0 1 0 0 0 1 0 0 0 1 0 0 0 1 0 0
      95 | 1 1 1 1 1 0 1 0 | 1 1 0 0 1 1 0 0 1 1 0 0 1 1 0 0
      96 | 0 0 0 0 0 1 1 0 | 0 0 0 0 0 0 0 0 0 0 0 0 0 0 0 0
      97 | 1 0 0 0 0 1 1 0 | 0 0 0 0 0 0 0 0 0 0 0 0 0 0 0 0
      98 | 0 1 0 0 0 1 1 0 | 0 0 0 0 0 0 0 0 0 0 0 0 0 0 0 0
      99 | 1 1 0 0 0 1 1 0 | 0 0 0 0 0 0 0 0 0 0 0 0 0 0 0 0
     100 | 0 0 1 0 0 1 1 0 | 0 0 0 0 0 0 0 0 0 0 0 0 0 0 0 0
     101 | 1 0 1 0 0 1 1 0 | 0 0 0 0 0 0 0 0 0 0 0 0 0 0 0 0
     102 | 0 1 1 0 0 1 1 0 | 1 0 0 0 1 0 0 0 1 0 0 0 1 0 0 0
     103 | 1 1 1 0 0 1 1 0 | 1 0 0 0 1 0 0 0 1 0 0 0 1 0 0 0
     104 | 0 0 0 1 0 1 1 0 | 1 0 0 0 1 0 0 0 1 0 0 0 1 0 0 0
     105 | 1 0 0 1 0 1 1 0 | 1 0 0 0 1 0 0 0 1 0 0 0 1 0 0 0
     106 | 0 1 0 1 0 1 1 0 | 1 0 0 0 1 0 0 0 1 0 0 0 1 0 0 0
     107 | 1 1 0 1 0 1 1 0 | 1 0 0 0 1 0 0 0 1 0 0 0 1 0 0 0
     108 | 0 0 1 1 0 1 1 0 | 0 1 0 0 0 1 0 0 0 1 0 0 0 1 0 0
     109 | 1 0 1 1 0 1 1 0 | 0 1 0 0 0 1 0 0 0 1 0 0 0 1 0 0
     110 | 0 1 1 1 0 1 1 0 | 0 1 0 0 0 1 0 0 0 1 0 0 0 1 0 0
     111 | 1 1 1 1 0 1 1 0 | 0 1 0 0 0 1 0 0 0 1 0 0 0 1 0 0
     112 | 0 0 0 0 1 1 1 0 | 0 0 0 0 0 0 0 0 0 0 0 0 0 0 0 0
     113 | 1 0 0 0 1 1 1 0 | 0 0 0 0 0 0 0 0 0 0 0 0 0 0 0 0
     114 | 0 1 0 0 1 1 1 0 | 0 0 0 0 0 0 0 0 0 0 0 0 0 0 0 0
     115 | 1 1 0 0 1 1 1 0 | 0 0 0 0 0 0 0 0 0 0 0 0 0 0 0 0
     116 | 0 0 1 0 1 1 1 0 | 0 0 0 0 0 0 0 0 0 0 0 0 0 0 0 0
     117 | 1 0 1 0 1 1 1 0 | 0 0 0 0 0 0 0 0 0 0 0 0 0 0 0 0
     118 | 0 1 1 0 1 1 1 0 | 0 0 0 0 0 0 0 0 0 0 0 0 0 0 0 0
     119 | 1 1 1 0 1 1 1 0 | 1 0 0 0 1 0 0 0 1 0 0 0 1 0 0 0
     120 | 0 0 0 1 1 1 1 0 | 1 0 0 0 1 0 0 0 1 0 0 0 1 0 0 0
     121 | 1 0 0 1 1 1 1 0 | 1 0 0 0 1 0 0 0 1 0 0 0 1 0 0 0
     122 | 0 1 0 1 1 1 1 0 | 1 0 0 0 1 0 0 0 1 0 0 0 1 0 0 0
     123 | 1 1 0 1 1 1 1 0 | 1 0 0 0 1 0 0 0 1 0 0 0 1 0 0 0
     124 | 0 0 1 1 1 1 1 0 | 1 0 0 0 1 0 0 0 1 0 0 0 1 0 0 0
     125 | 1 0 1 1 1 1 1 0 | 1 0 0 0 1 0 0 0 1 0 0 0 1 0 0 0
     126 | 0 1 1 1 1 1 1 0 | 0 1 0 0 0 1 0 0 0 1 0 0 0 1 0 0
     127 | 1 1 1 1 1 1 1 0 | 0 1 0 0 0 1 0 0 0 1 0 0 0 1 0 0
     128 | 0 0 0 0 0 0 0 1 | 0 0 0 0 0 0 0 0 0 0 0 0 0 0 0 0
     129 | 1 0 0 0 0 0 0 1 | 0 0 0 0 0 0 0 0 0 0 0 0 0 0 0 0
     130 | 0 1 0 0 0 0 0 1 | 0 0 0 0 0 0 0 0 0 0 0 0 0 0 0 0
     131 | 1 1 0 0 0 0 0 1 | 0 0 0 0 0 0 0 0 0 0 0 0 0 0 0 0
     132 | 0 0 1 0 0 0 0 1 | 0 0 0 0 0 0 0 0 0 0 0 0 0 0 0 0
     133 | 1 0 1 0 0 0 0 1 | 0 0 0 0 0 0 0 0 0 0 0 0 0 0 0 0
     134 | 0 1 1 0 0 0 0 1 | 0 0 0 0 0 0 0 0 0 0 0 0 0 0 0 0
     135 | 1 1 1 0 0 0 0 1 | 0 0 0 0 0 0 0 0 0 0 0 0 0 0 0 0
     136 | 0 0 0 1 0 0 0 1 | 1 0 0 0 1 0 0 0 1 0 0 0 1 0 0 0
     137 | 1 0 0 1 0 0 0 1 | 1 0 0 0 1 0 0 0 1 0 0 0 1 0 0 0
     138 | 0 1 0 1 0 0 0 1 | 1 0 0 0 1 0 0 0 1 0 0 0 1 0 0 0
     139 | 1 1 0 1 0 0 0 1 | 1 0 0 0 1 0 0 0 1 0 0 0 1 0 0 0
     140 | 0 0 1 1 0 0 0 1 | 1 0 0 0 1 0 0 0 1 0 0 0 1 0 0 0
     141 | 1 0 1 1 0 0 0 1 | 1 0 0 0 1 0 0 0 1 0 0 0 1 0 0 0
     142 | 0 1 1 1 0 0 0 1 | 1 0 0 0 1 0 0 0 1 0 0 0 1 0 0 0
     143 | 1 1 1 1 0 0 0 1 | 1 0 0 0 1 0 0 0 1 0 0 0 1 0 0 0
     144 | 0 0 0 0 1 0 0 1 | 0 0 0 0 0 0 0 0 0 0 0 0 0 0 0 0
     145 | 1 0 0 0 1 0 0 1 | 0 0 0 0 0 0 0 0 0 0 0 0 0 0 0 0
     146 | 0 1 0 0 1 0 0 1 | 0 0 0 0 0 0 0 0 0 0 0 0 0 0 0 0
     147 | 1 1 0 0 1 0 0 1 | 0 0 0 0 0 0 0 0 0 0 0 0 0 0 0 0
     148 | 0 0 1 0 1 0 0 1 | 0 0 0 0 0 0 0 0 0 0 0 0 0 0 0 0
     149 | 1 0 1 0 1 0 0 1 | 0 0 0 0 0 0 0 0 0 0 0 0 0 0 0 0
     150 | 0 1 1 0 1 0 0 1 | 0 0 0 0 0 0 0 0 0 0 0 0 0 0 0 0
     151 | 1 1 1 0 1 0 0 1 | 0 0 0 0 0 0 0 0 0 0 0 0 0 0 0 0
     152 | 0 0 0 1 1 0 0 1 | 0 0 0 0 0 0 0 0 0 0 0 0 0 0 0 0
     153 | 1 0 0 1 1 0 0 1 | 1 0 0 0 1 0 0 0 1 0 0 0 1 0 0 0
     154 | 0 1 0 1 1 0 0 1 | 1 0 0 0 1 0 0 0 1 0 0 0 1 0 0 0
     155 | 1 1 0 1 1 0 0 1 | 1 0 0 0 1 0 0 0 1 0 0 0 1 0 0 0
     156 | 0 0 1 1 1 0 0 1 | 1 0 0 0 1 0 0 0 1 0 0 0 1 0 0 0
     157 | 1 0 1 1 1 0 0 1 | 1 0 0 0 1 0 0 0 1 0 0 0 1 0 0 0
     158 | 0 1 1 1 1 0 0 1 | 1 0 0 0 1 0 0 0 1 0 0 0 1 0 0 0
     159 | 1 1 1 1 1 0 0 1 | 1 0 0 0 1 0 0 0 1 0 0 0 1 0 0 0
     160 | 0 0 0 0 0 1 0 1 | 0 0 0 0 0 0 0 0 0 0 0 0 0 0 0 0
     161 | 1 0 0 0 0 1 0 1 | 0 0 0 0 0 0 0 0 0 0 0 0 0 0 0 0
     162 | 0 1 0 0 0 1 0 1 | 0 0 0 0 0 0 0 0 0 0 0 0 0 0 0 0
     163 | 1 1 0 0 0 1 0 1 | 0 0 0 0 0 0 0 0 0 0 0 0 0 0 0 0
     164 | 0 0 1 0 0 1 0 1 | 0 0 0 0 0 0 0 0 0 0 0 0 0 0 0 0
     165 | 1 0 1 0 0 1 0 1 | 0 0 0 0 0 0 0 0 0 0 0 0 0 0 0 0
     166 | 0 1 1 0 0 1 0 1 | 0 0 0 0 0 0 0 0 0 0 0 0 0 0 0 0
     167 | 1 1 1 0 0 1 0 1 | 0 0 0 0 0 0 0 0 0 0 0 0 0 0 0 0
     168 | 0 0 0 1 0 1 0 1 | 0 0 0 0 0 0 0 0 0 0 0 0 0 0 0 0
     169 | 1 0 0 1 0 1 0 1 | 0 0 0 0 0 0 0 0 0 0 0 0 0 0 0 0
     170 | 0 1 0 1 0 1 0 1 | 1 0 0 0 1 0 0 0 1 0 0 0 1 0 0 0
     171 | 1 1 0 1 0 1 0 1 | 1 0 0 0 1 0 0 0 1 0 0 0 1 0 0 0
     172 | 0 0 1 1 0 1 0 1 | 1 0 0 0 1 0 0 0 1 0 0 0 1 0 0 0
     173 | 1 0 1 1 0 1 0 1 | 1 0 0 0 1 0 0 0 1 0 0 0 1 0 0 0
     174 | 0 1 1 1 0 1 0 1 | 1 0 0 0 1 0 0 0 1 0 0 0 1 0 0 0
     175 | 1 1 1 1 0 1 0 1 | 1 0 0 0 1 0 0 0 1 0 0 0 1 0 0 0
     176 | 0 0 0 0 1 1 0 1 | 0 0 0 0 0 0 0 0 0 0 0 0 0 0 0 0
     177 | 1 0 0 0 1 1 0 1 | 0 0 0 0 0 0 0 0 0 0 0 0 0 0 0 0
     178 | 0 1 0 0 1 1 0 1 | 0 0 0 0 0 0 0 0 0 0 0 0 0 0 0 0
     179 | 1 1 0 0 1 1 0 1 | 0 0 0 0 0 0 0 0 0 0 0 0 0 0 0 0
     180 | 0 0 1 0 1 1 0 1 | 0 0 0 0 0 0 0 0 0 0 0 0 0 0 0 0
     181 | 1 0 1 0 1 1 0 1 | 0 0 0 0 0 0 0 0 0 0 0 0 0 0 0 0
     182 | 0 1 1 0 1 1 0 1 | 0 0 0 0 0 0 0 0 0 0 0 0 0 0 0 0
     183 | 1 1 1 0 1 1 0 1 | 0 0 0 0 0 0 0 0 0 0 0 0 0 0 0 0
     184 | 0 0 0 1 1 1 0 1 | 0 0 0 0 0 0 0 0 0 0 0 0 0 0 0 0
     185 | 1 0 0 1 1 1 0 1 | 0 0 0 0 0 0 0 0 0 0 0 0 0 0 0 0
     186 | 0 1 0 1 1 1 0 1 | 0 0 0 0 0 0 0 0 0 0 0 0 0 0 0 0
     187 | 1 1 0 1 1 1 0 1 | 1 0 0 0 1 0 0 0 1 0 0 0 1 0 0 0
     188 | 0 0 1 1 1 1 0 1 | 1 0 0 0 1 0 0 0 1 0 0 0 1 0 0 0
     189 | 1 0 1 1 1 1 0 1 | 1 0 0 0 1 0 0 0 1 0 0 0 1 0 0 0
     190 | 0 1 1 1 1 1 0 1 | 1 0 0 0 1 0 0 0 1 0 0 0 1 0 0 0
     191 | 1 1 1 1 1 1 0 1 | 1 0 0 0 1 0 0 0 1 0 0 0 1 0 0 0
     192 | 0 0 0 0 0 0 1 1 | 0 0 0 0 0 0 0 0 0 0 0 0 0 0 0 0
     193 | 1 0 0 0 0 0 1 1 | 0 0 0 0 0 0 0 0 0 0 0 0 0 0 0 0
     194 | 0 1 0 0 0 0 1 1 | 0 0 0 0 0 0 0 0 0 0 0 0 0 0 0 0
     195 | 1 1 0 0 0 0 1 1 | 0 0 0 0 0 0 0 0 0 0 0 0 0 0 0 0
     196 | 0 0 1 0 0 0 1 1 | 0 0 0 0 0 0 0 0 0 0 0 0 0 0 0 0
     197 | 1 0 1 0 0 0 1 1 | 0 0 0 0 0 0 0 0 0 0 0 0 0 0 0 0
     198 | 0 1 1 0 0 0 1 1 | 0 0 0 0 0 0 0 0 0 0 0 0 0 0 0 0
     199 | 1 1 1 0 0 0 1 1 | 0 0 0 0 0 0 0 0 0 0 0 0 0 0 0 0
     200 | 0 0 0 1 0 0 1 1 | 0 0 0 0 0 0 0 0 0 0 0 0 0 0 0 0
     201 | 1 0 0 1 0 0 1 1 | 0 0 0 0 0 0 0 0 0 0 0 0 0 0 0 0
     202 | 0 1 0 1 0 0 1 1 | 0 0 0 0 0 0 0 0 0 0 0 0 0 0 0 0
     203 | 1 1 0 1 0 0 1 1 | 0 0 0 0 0 0 0 0 0 0 0 0 0 0 0 0
     204 | 0 0 1 1 0 0 1 1 | 1 0 0 0 1 0 0 0 1 0 0 0 1 0 0 0
     205 | 1 0 1 1 0 0 1 1 | 1 0 0 0 1 0 0 0 1 0 0 0 1 0 0 0
     206 | 0 1 1 1 0 0 1 1 | 1 0 0 0 1 0 0 0 1 0 0 0 1 0 0 0
     207 | 1 1 1 1 0 0 1 1 | 1 0 0 0 1 0 0 0 1 0 0 0 1 0 0 0
     208 | 0 0 0 0 1 0 1 1 | 0 0 0 0 0 0 0 0 0 0 0 0 0 0 0 0
     209 | 1 0 0 0 1 0 1 1 | 0 0 0 0 0 0 0 0 0 0 0 0 0 0 0 0
     210 | 0 1 0 0 1 0 1 1 | 0 0 0 0 0 0 0 0 0 0 0 0 0 0 0 0
     211 | 1 1 0 0 1 0 1 1 | 0 0 0 0 0 0 0 0 0 0 0 0 0 0 0 0
     212 | 0 0 1 0 1 0 1 1 | 0 0 0 0 0 0 0 0 0 0 0 0 0 0 0 0
     213 | 1 0 1 0 1 0 1 1 | 0 0 0 0 0 0 0 0 0 0 0 0 0 0 0 0
     214 | 0 1 1 0 1 0 1 1 | 0 0 0 0 0 0 0 0 0 0 0 0 0 0 0 0
     215 | 1 1 1 0 1 0 1 1 | 0 0 0 0 0 0 0 0 0 0 0 0 0 0 0 0
     216 | 0 0 0 1 1 0 1 1 | 0 0 0 0 0 0 0 0 0 0 0 0 0 0 0 0
     217 | 1 0 0 1 1 0 1 1 | 0 0 0 0 0 0 0 0 0 0 0 0 0 0 0 0
     218 | 0 1 0 1 1 0 1 1 | 0 0 0 0 0 0 0 0 0 0 0 0 0 0 0 0
     219 | 1 1 0 1 1 0 1 1 | 0 0 0 0 0 0 0 0 0 0 0 0 0 0 0 0
     220 | 0 0 1 1 1 0 1 1 | 0 0 0 0 0 0 0 0 0 0 0 0 0 0 0 0
     221 | 1 0 1 1 1 0 1 1 | 1 0 0 0 1 0 0 0 1 0 0 0 1 0 0 0
     222 | 0 1 1 1 1 0 1 1 | 1 0 0 0 1 0 0 0 1 0 0 0 1 0 0 0
     223 | 1 1 1 1 1 0 1 1 | 1 0 0 0 1 0 0 0 1 0 0 0 1 0 0 0
     224 | 0 0 0 0 0 1 1 1 | 0 0 0 0 0 0 0 0 0 0 0 0 0 0 0 0
     225 | 1 0 0 0 0 1 1 1 | 0 0 0 0 0 0 0 0 0 0 0 0 0 0 0 0
     226 | 0 1 0 0 0 1 1 1 | 0 0 0 0 0 0 0 0 0 0 0 0 0 0 0 0
     227 | 1 1 0 0 0 1 1 1 | 0 0 0 0 0 0 0 0 0 0 0 0 0 0 0 0
     228 | 0 0 1 0 0 1 1 1 | 0 0 0 0 0 0 0 0 0 0 0 0 0 0 0 0
     229 | 1 0 1 0 0 1 1 1 | 0 0 0 0 0 0 0 0 0 0 0 0 0 0 0 0
     230 | 0 1 1 0 0 1 1 1 | 0 0 0 0 0 0 0 0 0 0 0 0 0 0 0 0
     231 | 1 1 1 0 0 1 1 1 | 0 0 0 0 0 0 0 0 0 0 0 0 0 0 0 0
     232 | 0 0 0 1 0 1 1 1 | 0 0 0 0 0 0 0 0 0 0 0 0 0 0 0 0
     233 | 1 0 0 1 0 1 1 1 | 0 0 0 0 0 0 0 0 0 0 0 0 0 0 0 0
     234 | 0 1 0 1 0 1 1 1 | 0 0 0 0 0 0 0 0 0 0 0 0 0 0 0 0
     235 | 1 1 0 1 0 1 1 1 | 0 0 0 0 0 0 0 0 0 0 0 0 0 0 0 0
     236 | 0 0 1 1 0 1 1 1 | 0 0 0 0 0 0 0 0 0 0 0 0 0 0 0 0
     237 | 1 0 1 1 0 1 1 1 | 0 0 0 0 0 0 0 0 0 0 0 0 0 0 0 0
     238 | 0 1 1 1 0 1 1 1 | 1 0 0 0 1 0 0 0 1 0 0 0 1 0 0 0
     239 | 1 1 1 1 0 1 1 1 | 1 0 0 0 1 0 0 0 1 0 0 0 1 0 0 0
     240 | 0 0 0 0 1 1 1 1 | 0 0 0 0 0 0 0 0 0 0 0 0 0 0 0 0
     241 | 1 0 0 0 1 1 1 1 | 0 0 0 0 0 0 0 0 0 0 0 0 0 0 0 0
     242 | 0 1 0 0 1 1 1 1 | 0 0 0 0 0 0 0 0 0 0 0 0 0 0 0 0
     243 | 1 1 0 0 1 1 1 1 | 0 0 0 0 0 0 0 0 0 0 0 0 0 0 0 0
     244 | 0 0 1 0 1 1 1 1 | 0 0 0 0 0 0 0 0 0 0 0 0 0 0 0 0
     245 | 1 0 1 0 1 1 1 1 | 0 0 0 0 0 0 0 0 0 0 0 0 0 0 0 0
     246 | 0 1 1 0 1 1 1 1 | 0 0 0 0 0 0 0 0 0 0 0 0 0 0 0 0
     247 | 1 1 1 0 1 1 1 1 | 0 0 0 0 0 0 0 0 0 0 0 0 0 0 0 0
     248 | 0 0 0 1 1 1 1 1 | 0 0 0 0 0 0 0 0 0 0 0 0 0 0 0 0
     249 | 1 0 0 1 1 1 1 1 | 0 0 0 0 0 0 0 0 0 0 0 0 0 0 0 0
     250 | 0 1 0 1 1 1 1 1 | 0 0 0 0 0 0 0 0 0 0 0 0 0 0 0 0
     251 | 1 1 0 1 1 1 1 1 | 0 0 0 0 0 0 0 0 0 0 0 0 0 0 0 0
     252 | 0 0 1 1 1 1 1 1 | 0 0 0 0 0 0 0 0 0 0 0 0 0 0 0 0
     253 | 1 0 1 1 1 1 1 1 | 0 0 0 0 0 0 0 0 0 0 0 0 0 0 0 0
     254 | 0 1 1 1 1 1 1 1 | 0 0 0 0 0 0 0 0 0 0 0 0 0 0 0 0
     255 | 1 1 1 1 1 1 1 1 | 1 0 0 0 1 0 0 0 1 0 0 0 1 0 0 0
